\o Program:		@(#)$CDS: libManager version 6.1.8 - CAT37 10/18/2022 20:11 (sjfdcl1032) $
\o Sub version:		sub-version  s292 
\o Arguments:		-unmapped -mpssession virtuoso107737 -mpshost ece-vlsi07 
\o Working Directory:	ece-vlsi07:/home/train/Downloads/System Level Design
\o 64-bit offsets
\o Qt version: 		5.9.1
\o changeWorkingDir("/home/train/Downloads/System Level Design") unnecessary.
\o ddSetForcedLib("") unnecessary.
\o Log file is "/home/train/Downloads/System Level Design/libManager.log".
\o Opening libManager window.
\a nrSetWindowVisibility(cdsLibManager "show")
\o MPS service: map window
\o Library Manager customization server connected.
\a nrSetCurrentWindow(cdsLibManager)
\w Warning: LIB ULVLP_Sizing from File /home/train/Downloads/System Level Design/cds.lib Line 9 redefines
\w LIB ULVLP_Sizing from the same file (defined earlier.)
\w Warning: The directory: '/home/train/Downloads/System Level Design/ULVP_sizing' does not exist
\w 	but was defined in libFile '/home/train/Downloads/System Level Design/cds.lib' for Lib 'ULVP_sizing'.
\a nrResizeWindow(cdsLibManager list(0 28 1920 977))
\a cdsLibManager->libListBox->value = "ULVLP_Sizing"
\a cdsLibManager->libLineEdit->value = "ULVLP_Sizing"
\a cdsLibManager->cellListBox->value = "comp"
\a cdsLibManager->cellLineEdit->value = "comp"
\o MPS request: edit design
\a nrListItemAction(cdsLibManager->cellListBox 0 0)
\a cdsLibManager->libListBox->value = nil
\a cdsLibManager->libLineEdit->value = ""
\a cdsLibManager->cellLineEdit->value = ""
\a cdsLibManager->cellListBox->value = nil
\w Warning: LIB ULVLP_Sizing from File /home/train/Downloads/System Level Design/cds.lib Line 9 redefines
\w LIB ULVLP_Sizing from the same file (defined earlier.)
\w Warning: The directory: '/home/train/Downloads/System Level Design/ULVP_sizing' does not exist
\w 	but was defined in libFile '/home/train/Downloads/System Level Design/cds.lib' for Lib 'ULVP_sizing'.
\a cdsLibManager->libListBox->value = "ULVLP_Sizing"
\a cdsLibManager->libLineEdit->value = "ULVLP_Sizing"
\a cdsLibManager->cellListBox->value = "comp"
\a cdsLibManager->cellLineEdit->value = "comp"
\a nrSetCurrentWindow(cdsLibManager)
\a nrSetCurrentWindow(cdsLibManager)
\a nrSetCurrentWindow(cdsLibManager)
\a cdsLibManager->viewListBox->value = "spectre_state1"
\a cdsLibManager->viewLineEdit->value = "spectre_state1"
\o MPS request: edit design
\a nrListItemAction(cdsLibManager->gdmXTView 1 0)
\a cdsLibManager->libListBox->value = nil
\a cdsLibManager->libLineEdit->value = ""
\a cdsLibManager->cellListBox->value = nil
\a cdsLibManager->viewLineEdit->value = ""
\a cdsLibManager->viewListBox->value = nil
\a cdsLibManager->cellLineEdit->value = ""
\w Warning: LIB ULVLP_Sizing from File /home/train/Downloads/System Level Design/cds.lib Line 9 redefines
\w LIB ULVLP_Sizing from the same file (defined earlier.)
\w Warning: The directory: '/home/train/Downloads/System Level Design/ULVP_sizing' does not exist
\w 	but was defined in libFile '/home/train/Downloads/System Level Design/cds.lib' for Lib 'ULVP_sizing'.
\a cdsLibManager->libListBox->value = "ULVLP_Sizing"
\a cdsLibManager->libLineEdit->value = "ULVLP_Sizing"
\a cdsLibManager->cellListBox->value = "comp"
\a cdsLibManager->cellLineEdit->value = "comp"
\a cdsLibManager->viewListBox->value = "spectre_state1"
\a cdsLibManager->viewLineEdit->value = "spectre_state1"
\a cdsLibManager->viewLineEdit->value = ""
\a cdsLibManager->viewListBox->value = nil
\a cdsLibManager->viewListBox->value = "spectre_state1"
\a cdsLibManager->viewLineEdit->value = "spectre_state1"
\a nrSetCurrentWindow(cdsLibManager)
\a nrSetCurrentWindow(cdsLibManager)
\a nrSetCurrentWindow(cdsLibManager)
\a cdsLibManager->viewListBox->value = "schematic"
\a cdsLibManager->viewLineEdit->value = "schematic"
\o MPS request: edit design
\a nrListItemAction(cdsLibManager->gdmXTView 0 0)
\a nrSetCurrentWindow(cdsLibManager)
\a cdsLibManager->cellListBox->value = "fivee"
\a cdsLibManager->cellLineEdit->value = "fivee"
\a cdsLibManager->viewLineEdit->value = ""
\a cdsLibManager->viewListBox->value = nil
\a cdsLibManager->viewListBox->value = "schematic"
\a cdsLibManager->viewLineEdit->value = "schematic"
\a cdsLibManager->viewLineEdit->value = ""
\a cdsLibManager->viewListBox->value = nil
\o MPS request: edit design
\a nrListItemAction(cdsLibManager->cellListBox 3 0)
\a cdsLibManager->libListBox->value = nil
\a cdsLibManager->libLineEdit->value = ""
\a cdsLibManager->cellLineEdit->value = ""
\a cdsLibManager->cellListBox->value = nil
\w Warning: LIB ULVLP_Sizing from File /home/train/Downloads/System Level Design/cds.lib Line 9 redefines
\w LIB ULVLP_Sizing from the same file (defined earlier.)
\w Warning: The directory: '/home/train/Downloads/System Level Design/ULVP_sizing' does not exist
\w 	but was defined in libFile '/home/train/Downloads/System Level Design/cds.lib' for Lib 'ULVP_sizing'.
\a cdsLibManager->libListBox->value = "ULVLP_Sizing"
\a cdsLibManager->libLineEdit->value = "ULVLP_Sizing"
\a cdsLibManager->cellListBox->value = "fivee"
\a cdsLibManager->cellLineEdit->value = "fivee"
\a cdsLibManager->viewListBox->value = "schematic"
\a cdsLibManager->viewLineEdit->value = "schematic"
\a cdsLibManager->viewLineEdit->value = ""
\a cdsLibManager->viewListBox->value = nil
\a cdsLibManager->viewListBox->value = "schematic"
\a cdsLibManager->viewLineEdit->value = "schematic"
\a nrSetCurrentWindow(cdsLibManager)
\a nrSetCurrentWindow(cdsLibManager)
\a cdsLibManager->libListBox->value = "ULVLP"
\a cdsLibManager->libLineEdit->value = "ULVLP"
\a cdsLibManager->cellLineEdit->value = ""
\a cdsLibManager->cellListBox->value = nil
\a cdsLibManager->viewLineEdit->value = ""
\a cdsLibManager->viewListBox->value = nil
\a cdsLibManager->cellListBox->value = "fivee"
\a cdsLibManager->cellLineEdit->value = "fivee"
\a cdsLibManager->viewListBox->value = "schematic"
\a cdsLibManager->viewLineEdit->value = "schematic"
\a cdsLibManager->viewLineEdit->value = ""
\a cdsLibManager->viewListBox->value = nil
\a cdsLibManager->viewListBox->value = "schematic"
\a cdsLibManager->viewLineEdit->value = "schematic"
\a cdsLibManager->cellLineEdit->value = ""
\a cdsLibManager->cellListBox->value = nil
\a cdsLibManager->viewLineEdit->value = ""
\a cdsLibManager->viewListBox->value = nil
\a cdsLibManager->cellListBox->value = "fivee_test"
\a cdsLibManager->cellLineEdit->value = "fivee_test"
\a cdsLibManager->viewListBox->value = "schematic"
\a cdsLibManager->viewLineEdit->value = "schematic"
\a cdsLibManager->cellListBox->value = "fivee"
\a cdsLibManager->cellLineEdit->value = "fivee"
\a cdsLibManager->viewLineEdit->value = ""
\a cdsLibManager->viewListBox->value = nil
\a cdsLibManager->viewListBox->value = "schematic"
\a cdsLibManager->viewLineEdit->value = "schematic"
\a cdsLibManager->viewListBox->value = nil
\a cdsLibManager->viewLineEdit->value = ""
\a cdsLibManager->viewListBox->value = "schematic"
\a cdsLibManager->viewLineEdit->value = "schematic"
\o MPS request: edit design
\a nrListItemAction(cdsLibManager->gdmXTView 0 0)
\a nrSetCurrentWindow(cdsLibManager)
\a nrSetWindowVisibility(cdsLibManager "hide")
\a _lmgrCloseIconify("cdsLibManager" 1)
\a nrSetWindowVisibility(cdsLibManager "show")
\a nrSetWindowVisibility(cdsLibManager "hide")
\a nrResizeWindow(cdsLibManager list(240 112 1440 723))
